Flutter crash report.
Please report a bug at https://github.com/flutter/flutter/issues.

## command

flutter run

## exception

FormatException: FormatException: Unexpected character (at character 1)
../../runtime/vm/zone.cc: 96: error: Out of memory.
^


```
#0      _ChunkedJsonParser.fail (dart:convert-patch/convert_patch.dart:1467:5)
#1      _ChunkedJsonParser.parseNumber (dart:convert-patch/convert_patch.dart:1333:9)
#2      _ChunkedJsonParser.parse (dart:convert-patch/convert_patch.dart:935:22)
#3      _JsonStringDecoderSink.addSlice (dart:convert-patch/convert_patch.dart:1555:13)
#4      _JsonStringDecoderSink.add (dart:convert-patch/convert_patch.dart:1560:5)
#5      _ConverterStreamEventSink.add (dart:convert/chunked_conversion.dart:70:18)
#6      _SinkTransformerStreamSubscription._handleData (dart:async/stream_transformers.dart:115:24)
#7      _rootRunUnary (dart:async/zone.dart:1538:47)
#8      _CustomZone.runUnary (dart:async/zone.dart:1429:19)
#9      _CustomZone.runUnaryGuarded (dart:async/zone.dart:1329:7)
#10     _BufferingStreamSubscription._sendData (dart:async/stream_impl.dart:381:11)
#11     _BufferingStreamSubscription._add (dart:async/stream_impl.dart:312:7)
#12     _SinkTransformerStreamSubscription._add (dart:async/stream_transformers.dart:67:11)
#13     _EventSinkWrapper.add (dart:async/stream_transformers.dart:13:11)
#14     _StringAdapterSink.add (dart:convert/string_conversion.dart:228:11)
#15     _StringAdapterSink.addSlice (dart:convert/string_conversion.dart:233:7)
#16     _Utf8ConversionSink.addSlice (dart:convert/string_conversion.dart:313:20)
#17     _Utf8ConversionSink.add (dart:convert/string_conversion.dart:306:5)
#18     _ConverterStreamEventSink.add (dart:convert/chunked_conversion.dart:70:18)
#19     _SinkTransformerStreamSubscription._handleData (dart:async/stream_transformers.dart:115:24)
#20     _rootRunUnary (dart:async/zone.dart:1538:47)
#21     _CustomZone.runUnary (dart:async/zone.dart:1429:19)
#22     _CustomZone.runUnaryGuarded (dart:async/zone.dart:1329:7)
#23     _BufferingStreamSubscription._sendData (dart:async/stream_impl.dart:381:11)
#24     _BufferingStreamSubscription._add (dart:async/stream_impl.dart:312:7)
#25     _SyncStreamControllerDispatch._sendData (dart:async/stream_controller.dart:798:19)
#26     _StreamController._add (dart:async/stream_controller.dart:663:7)
#27     _StreamController.add (dart:async/stream_controller.dart:618:5)
#28     _Socket._onData (dart:io-patch/socket_patch.dart:2912:41)
#29     _rootRunUnary (dart:async/zone.dart:1546:13)
#30     _CustomZone.runUnary (dart:async/zone.dart:1429:19)
#31     _CustomZone.runUnaryGuarded (dart:async/zone.dart:1329:7)
#32     _BufferingStreamSubscription._sendData (dart:async/stream_impl.dart:381:11)
#33     _BufferingStreamSubscription._add (dart:async/stream_impl.dart:312:7)
#34     _SyncStreamControllerDispatch._sendData (dart:async/stream_controller.dart:798:19)
#35     _StreamController._add (dart:async/stream_controller.dart:663:7)
#36     _StreamController.add (dart:async/stream_controller.dart:618:5)
#37     new _RawSocket.<anonymous closure> (dart:io-patch/socket_patch.dart:2331:31)
#38     _NativeSocket.issueReadEvent.issue (dart:io-patch/socket_patch.dart:1655:14)
#39     _microtaskLoop (dart:async/schedule_microtask.dart:40:35)
#40     _startMicrotaskLoop (dart:async/schedule_microtask.dart:49:5)
#41     _runPendingImmediateCallback (dart:isolate-patch/isolate_patch.dart:127:13)
#42     _RawReceivePort._handleMessage (dart:isolate-patch/isolate_patch.dart:194:5)
```

## flutter doctor

```
[32m[✓][39m Flutter (Channel stable, 3.35.5, on Microsoft Windows [Version 10.0.26200.7171], locale en-IN) [1,082ms]
    [32m•[39m Flutter version 3.35.5 on channel stable at C:\flutter
    [32m•[39m Upstream repository https://github.com/flutter/flutter.git
    [32m•[39m Framework revision ac4e799d23 (10 weeks ago), 2025-09-26 12:05:09 -0700
    [32m•[39m Engine revision d3d45dcf25
    [32m•[39m Dart version 3.9.2
    [32m•[39m DevTools version 2.48.0
    [32m•[39m Feature flags: enable-web, enable-linux-desktop, enable-macos-desktop, enable-windows-desktop,
      enable-android, enable-ios, cli-animations, enable-lldb-debugging

[32m[✓][39m Windows Version (Windows 11 or higher, 25H2, 2009) [21.0s]

[32m[✓][39m Android toolchain - develop for Android devices (Android SDK version 36.1.0) [29.2s]
    [32m•[39m Android SDK at C:\Users\VRUSHABH\AppData\Local\Android\sdk
    [32m•[39m Emulator version 36.2.12.0 (build_id 14214601) (CL:N/A)
    [32m•[39m Platform android-36, build-tools 36.1.0
    [32m•[39m Java binary at: C:\Program Files\Android\Android Studio\jbr\bin\java
      This is the JDK bundled with the latest Android Studio installation on this machine.
      To manually set the JDK path, use: `flutter config --jdk-dir="path/to/jdk"`.
    [32m•[39m Java version OpenJDK Runtime Environment (build 21.0.8+-14196175-b1038.72)
    [32m•[39m All Android licenses accepted.

[32m[✓][39m Chrome - develop for the web [27ms]
    [32m•[39m Chrome at C:\Program Files\Google\Chrome\Application\chrome.exe

[31m[✗][39m Visual Studio - develop Windows apps [24ms]
    [31m✗[39m Visual Studio not installed; this is necessary to develop Windows apps.
      Download at https://visualstudio.microsoft.com/downloads/.
      Please install the "Desktop development with C++" workload, including all of its default components

[32m[✓][39m Android Studio (version 2025.2.1) [24ms]
    [32m•[39m Android Studio at C:\Program Files\Android\Android Studio
    [32m•[39m Flutter plugin can be installed from:
      🔨 https://plugins.jetbrains.com/plugin/9212-flutter
    [32m•[39m Dart plugin can be installed from:
      🔨 https://plugins.jetbrains.com/plugin/6351-dart
    [32m•[39m Java version OpenJDK Runtime Environment (build 21.0.8+-14196175-b1038.72)

[32m[✓][39m VS Code (version 1.105.0) [23ms]
    [32m•[39m VS Code at C:\Users\VRUSHABH\AppData\Local\Programs\Microsoft VS Code
    [32m•[39m Flutter extension version 3.122.0

[32m[✓][39m Connected device (4 available) [3.6s]
    [32m•[39m motorola edge 40 neo (mobile) • ZD222LK4SV • android-arm64  • Android 15 (API 35)
    [32m•[39m Windows (desktop)             • windows    • windows-x64    • Microsoft Windows [Version 10.0.26200.7171]
    [32m•[39m Chrome (web)                  • chrome     • web-javascript • Google Chrome 142.0.7444.176
    [32m•[39m Edge (web)                    • edge       • web-javascript • Microsoft Edge 142.0.3595.94

[32m[✓][39m Network resources [2.0s]
    [32m•[39m All expected network resources are available.

[33m![39m Doctor found issues in 1 category.
```
